0 0.001885 0
0.02 0.001885 0
0.04 0.010228 0
0.06 0.010228 1.66847522124e-05
0.08 0.014163 7.95881278095e-05
0.1 0.014163 0.000268469456905
0.12 0.016651 0.00070121185045
0.14 0.016651 0.00142750663611
0.16 0.026319 0.00244181849732
0.18 0.026319 0.00371905985405
0.2 0.050984 0.00521721135125
0.22 0.050984 0.00695745373975
0.24 0.065362 0.00901050200117
0.26 0.065362 0.0115551882291
0.28 0.067741 0.0148529810432
0.3 0.067741 0.0190021774317
0.32 0.052274 0.0239693199856
0.34 0.052274 0.0295972551136
0.36 0.029 0.0356298095112
0.38 0.029 0.0416839059586
0.4 -0.002408 0.0472840709457
0.42 -0.002408 0.0519818330906
0.44 -0.039668 0.055362751332
0.46 -0.039668 0.0570514542058
0.48 -0.067342 0.0567184552089
0.5 -0.067342 0.0541044146684
0.52 -0.09183 0.0490172284774
0.54 -0.09183 0.0414646571211
0.56 -0.115336 0.0316175780584
0.58 -0.115336 0.0197214664463
0.6 -0.148361 0.00607930436471
0.62 -0.148361 -0.00898640284263
0.64 -0.176663 -0.0251466406441
0.66 -0.176663 -0.0421707056247
0.68 -0.21622 -0.0599148929597
0.7 -0.21622 -0.0781871462786
0.72 -0.254581 -0.0967664347736
0.74 -0.254581 -0.115557117708
0.76 -0.2886 -0.134566736812
0.78 -0.2886 -0.153778542875
0.8 -0.325664 -0.173160663053
0.82 -0.325664 -0.192642591866
0.84 -0.361024 -0.212124582793
0.86 -0.361024 -0.231551088527
0.88 -0.392756 -0.25090300863
0.9 -0.392756 -0.270150154825
0.92 -0.432354 -0.289255834371
0.94 -0.432354 -0.308162411029
0.96 -0.47302 -0.326797146299
0.98 -0.47302 -0.345178832693
1 -0.508295 -0.363398737384
1.02 -0.508295 -0.381545402142
1.04 -0.534133 -0.399704777388
1.06 -0.534133 -0.417901085543
1.08 -0.547601 -0.4361078795
1.1 -0.547601 -0.45422135995
1.12 -0.567142 -0.472077201067
1.14 -0.567142 -0.489439671687
1.16 -0.581824 -0.506021569142
1.18 -0.581824 -0.521665200467
1.2 -0.597219 -0.536320766098
1.22 -0.597219 -0.549933353041
1.24 -0.609813 -0.562449882609
1.26 -0.609813 -0.573870769248
1.28 -0.615168 -0.584239503364
1.3 -0.615168 -0.593603067133
1.32 -0.604365 -0.602011211331
1.34 -0.604365 -0.609475349418
1.36 -0.594858 -0.615975716129
1.38 -0.594858 -0.621388193049
1.4 -0.583917 -0.625507829847
1.42 -0.583917 -0.628223259465
1.44 -0.560728 -0.629499361239
1.46 -0.560728 -0.629341276025
1.48 -0.550315 -0.62778924537
1.5 -0.550315 -0.624816386237
1.52 -0.548983 -0.620343987702
1.54 -0.548983 -0.614474400054
1.56 -0.540412 -0.607450223699
1.58 -0.540412 -0.599590091735
1.6 -0.538489 -0.591267939562
1.62 -0.538489 -0.582747831577
1.64 -0.522291 -0.574198138646
1.66 -0.522291 -0.565824690177
1.68 -0.494864 -0.557852695803
1.7 -0.494864 -0.550329963431
1.72 -0.475924 -0.543160564785
1.74 -0.475924 -0.536158610201
1.76 -0.463872 -0.529066934671
1.78 -0.463872 -0.521750907842
1.8 -0.448585 -0.514176668966
1.82 -0.448585 -0.506381191191
1.84 -0.435202 -0.498460955387
1.86 -0.435202 -0.49047013354
1.88 -0.430962 -0.482429110717
1.9 -0.430962 -0.474375227036
1.92 -0.433078 -0.466356887425
1.94 -0.433078 -0.45849392355
1.96 -0.433389 -0.45095990595
1.98 -0.433389 -0.443942878871
2 -0.421694 -0.437637954789
2.02 -0.421694 -0.43216766469
2.04 -0.400819 -0.427592060473
2.06 -0.400819 -0.423826588398
2.08 -0.389752 -0.420670907349
2.1 -0.389752 -0.417859117755
2.12 -0.382146 -0.415077562081
2.14 -0.382146 -0.41215050916
2.16 -0.380595 -0.409017688779
2.18 -0.380595 -0.405661022667
2.2 -0.384126 -0.402101342945
2.22 -0.384126 -0.398415189
2.24 -0.378739 -0.3947226711
2.26 -0.378739 -0.391167958878
2.28 -0.371493 -0.387911153412
2.3 -0.371493 -0.384996632967
2.32 -0.364469 -0.382374631276
2.34 -0.364469 -0.379980860735
2.36 -0.342751 -0.377738086175
2.38 -0.342751 -0.375578575234
2.4 -0.315277 -0.37344417241
2.42 -0.315277 -0.371154603757
2.44 -0.294272 -0.36843794527
2.46 -0.294272 -0.36503402175
2.48 -0.277262 -0.360697806361
2.5 -0.277262 -0.355312846056
2.52 -0.246253 -0.348870874165
2.54 -0.246253 -0.341432707353
2.56 -0.201545 -0.333116667288
2.58 -0.201545 -0.32392673172
2.6 -0.164181 -0.313776775537
2.62 -0.164181 -0.302511271844
2.64 -0.141014 -0.289920887284
2.66 -0.141014 -0.275943968929
2.68 -0.098459 -0.260637953065
2.7 -0.098459 -0.24421827136
2.72 -0.058149 -0.227024468099
2.74 -0.058149 -0.20919202828
2.76 -0.019121 -0.190691976606
2.78 -0.019121 -0.17155105511
2.8 0.012044 -0.15183376566
2.82 0.012044 -0.131624243826
2.84 0.054418 -0.111020960433
2.86 0.054418 -0.0901895572309
2.88 0.096486 -0.069344477661
2.9 0.096486 -0.0485649889464
2.92 0.135271 -0.0278205654109
2.94 0.135271 -0.00709209129988
2.96 0.166527 0.0136337947913
2.98 0.166527 0.0343396652878
3 0.198087 0.0549836554253
3.02 0.198087 0.0754672460665
3.04 0.232196 0.0956488467754
3.06 0.232196 0.115424792734
3.08 0.273047 0.134723987444
3.1 0.273047 0.15352457823
3.12 0.287197 0.171846350096
3.14 0.287197 0.189780635901
3.16 0.306124 0.207474710274
3.18 0.306124 0.224821953258
3.2 0.322044 0.241517129008
3.22 0.322044 0.257378190648
3.24 0.351653 0.272321232138
3.26 0.351653 0.286276978292
3.28 0.377702 0.299194084603
3.3 0.377702 0.311186503659
3.32 0.415937 0.322497906391
3.34 0.415937 0.333319703495
3.36 0.453966 0.343799351058
3.38 0.453966 0.354182820538
3.4 0.48063 0.364785107517
3.42 0.48063 0.375858207735
3.44 0.49191 0.387597166849
3.46 0.49191 0.400044428296
3.48 0.494286 0.413115948219
3.5 0.494286 0.426588642906
3.52 0.507213 0.440130614708
3.54 0.507213 0.453386600167
3.56 0.518969 0.465990957094
3.58 0.518969 0.477753231375
3.6 0.530192 0.488630329692
3.62 0.530192 0.498600182122
3.64 0.551565 0.507663896522
3.66 0.551565 0.515848720346
3.68 0.564163 0.523202793838
3.7 0.564163 0.529884841567
3.72 0.56768 0.536137834321
3.74 0.56768 0.542099619485
3.76 0.562122 0.547821712318
3.78 0.562122 0.553279514273
3.8 0.55983 0.558384766196
3.82 0.55983 0.562998320795
3.84 0.556156 0.566942597874
3.86 0.556156 0.570122659245
3.88 0.541993 0.57251201843
3.9 0.541993 0.574100974672
3.92 0.511964 0.574896239806
3.94 0.511964 0.574837950782
3.96 0.49172 0.573815321549
3.98 0.49172 0.571631250251
4 0.475625 0.568024138087
4.02 0.475625 0.562913988452
4.04 0.46788 0.556367431988
4.06 0.46788 0.5485212126
4.08 0.474913 0.539569214173
4.1 0.474913 0.529784833644
4.12 0.482016 0.519497984159
4.14 0.482016 0.509131949005
4.16 0.484155 0.499172455905
4.18 0.484155 0.490011149016
4.2 0.481119 0.481952527247
4.22 0.481119 0.47517362651
4.24 0.4732 0.469739408298
4.26 0.4732 0.46561624079
4.28 0.483212 0.462688163082
4.3 0.483212 0.460775975416
4.32 0.493427 0.459652818516
4.34 0.493427 0.459260992552
4.36 0.503198 0.459679265615
4.38 0.503198 0.460940695199
4.4 0.515766 0.463045472402
4.42 0.515766 0.465961575948
4.44 0.523986 0.469630893347
4.46 0.523986 0.474003892082
4.48 0.530713 0.479038724038
4.5 0.530713 0.484637964529
4.52 0.536959 0.490663148428
4.54 0.536959 0.496971512535
4.56 0.537499 0.503420297977
4.58 0.537499 0.509880277367
4.6 0.538377 0.516237654002
4.62 0.538377 0.522349195085
4.64 0.531265 0.528053552041
4.66 0.531265 0.533233342103
4.68 0.52349 0.537810004666
4.7 0.52349 0.54166632036
4.72 0.522977 0.544659496152
4.74 0.522977 0.546695360003
4.76 0.526079 0.547721211271
4.78 0.526079 0.547790828267
4.8 0.529027 0.547043385028
4.82 0.529027 0.545652831989
4.84 0.517267 0.543818190268
4.86 0.517267 0.541719956102
4.88 0.491111 0.539518295804
4.9 0.491111 0.537222244929
4.92 0.454164 0.534718084324
4.94 0.454164 0.53179580908
4.96 0.409039 0.528170687224
4.98 0.409039 0.523536129976
5 0.348922 0.517575947757
5.02 0.348922 0.509999284789
5.04 0.29147 0.500545527004
5.06 0.29147 0.488927909096
5.08 0.238786 0.474849768817
5.1 0.238786 0.458172823174
5.12 0.182533 0.438890754374
5.14 0.182533 0.4171264945
5.16 0.13234 0.393107641929
5.18 0.13234 0.367068859629
5.2 0.084793 0.339246126722
5.22 0.084793 0.309954481869
5.24 0.02869 0.279561601822
5.26 0.02869 0.24843645355
5.28 -0.030142 0.216938094372
5.3 -0.030142 0.185306251259
5.32 -0.107677 0.15367580577
5.34 -0.107677 0.1221407405
5.36 -0.196189 0.0907549316686
5.38 -0.196189 0.0593946407945
5.4 -0.282459 0.0277960142575
5.42 -0.282459 -0.00434501654404
5.44 -0.362092 -0.0373594532815
5.46 -0.362092 -0.0714735897995
5.48 -0.411019 -0.106822450375
5.5 -0.411019 -0.143421326337
5.52 -0.450039 -0.18118517654
5.54 -0.450039 -0.21973412211
5.56 -0.482475 -0.25846050922
5.58 -0.482475 -0.296770085763
5.6 -0.535964 -0.334091748649
5.62 -0.535964 -0.369920987189
5.64 -0.583369 -0.40382550142
5.66 -0.583369 -0.435693038191
5.68 -0.63543 -0.465675608843
5.7 -0.63543 -0.493901646247
5.72 -0.685971 -0.520485900338
5.74 -0.685971 -0.54562481863
5.76 -0.737863 -0.569573135371
5.78 -0.737863 -0.592570908338
5.8 -0.784563 -0.61484015645
5.82 -0.784563 -0.63660605677
5.84 -0.819198 -0.658087759146
5.86 -0.819198 -0.679433819649
5.88 -0.858207 -0.70073054819
5.9 -0.858207 -0.721948302288
5.92 -0.899053 -0.742962813606
5.94 -0.899053 -0.763719866499
5.96 -0.94494 -0.784220048727
5.98 -0.94494 -0.804486636605
6 -0.987787 -0.824562433695
6.02 -0.987787 -0.844533905889
6.04 -1.018478 -0.864520349785
6.06 -1.018478 -0.884593092585
6.08 -1.04303 -0.904783559715
6.1 -1.04303 -0.925008253822
6.12 -1.049477 -0.94509257887
6.14 -1.049477 -0.964844588696
6.16 -1.063064 -0.98406171295
6.18 -1.063064 -1.00243280452
6.2 -1.073515 -1.01956982717
6.22 -1.073515 -1.03525700798
6.24 -1.067921 -1.04942195395
6.26 -1.067921 -1.0620232577
6.28 -1.063338 -1.07305126602
6.3 -1.063338 -1.08241007424
6.32 -1.044549 -1.08993881327
6.34 -1.044549 -1.09557893429
6.36 -1.028673 -1.09935388624
6.38 -1.028673 -1.10121978705
6.4 -1.016534 -1.10108315624
6.42 -1.016534 -1.09896433237
6.44 -1.011588 -1.09497269982
6.46 -1.011588 -1.08929537587
6.48 -1.000926 -1.08217884498
6.5 -1.000926 -1.07394213716
6.52 -0.984602 -1.06495369951
6.54 -0.984602 -1.0554969452
6.56 -0.979566 -1.0457787281
6.58 -0.979566 -1.03593557898
6.6 -0.965023 -1.02603977214
6.62 -0.965023 -1.01625675462
6.64 -0.943999 -1.00681884255
6.66 -0.943999 -0.997821840591
6.68 -0.924721 -0.989250810201
6.7 -0.924721 -0.981025891672
6.72 -0.906633 -0.973013608006
6.74 -0.906633 -0.965112130431
6.76 -0.883386 -0.957246724094
6.78 -0.883386 -0.94936256455
6.8 -0.856917 -0.941423802731
6.82 -0.856917 -0.93335571273
6.84 -0.832894 -0.925055576839
6.86 -0.832894 -0.916418043449
6.88 -0.819043 -0.907338277178
6.9 -0.819043 -0.897765416983
6.92 -0.80621 -0.887693865384
6.94 -0.80621 -0.877224504467
6.96 -0.80437 -0.86654209505
6.98 -0.80437 -0.855814629855
7 -0.790019 -0.845193825084
7.02 -0.790019 -0.834901511259
7.04 -0.745354 -0.825207569541
7.06 -0.745354 -0.816204717795
7.08 -0.696239 -0.807841592121
7.1 -0.696239 -0.799790731892
7.12 -0.654173 -0.791508473336
7.14 -0.654173 -0.782516554899
7.16 -0.60825 -0.772398120734
7.18 -0.60825 -0.760902119673
7.2 -0.564341 -0.747922137845
7.22 -0.564341 -0.733380438953
7.24 -0.507919 -0.717230442657
7.26 -0.507919 -0.69950631877
7.28 -0.442836 -0.68030715194
7.3 -0.442836 -0.659654647042
7.32 -0.387528 -0.637509852837
7.34 -0.387528 -0.613818953822
7.36 -0.342955 -0.588515769077
7.38 -0.342955 -0.561688749307
7.4 -0.313842 -0.533547309017
7.42 -0.313842 -0.504403384682
7.44 -0.282326 -0.474645042146
7.46 -0.282326 -0.44475356107
7.48 -0.266465 -0.415271213403
7.5 -0.266465 -0.386615262
7.52 -0.258505 -0.359089969063
7.54 -0.258505 -0.333054877195
7.56 -0.253146 -0.308897235435
7.58 -0.253146 -0.286944751185
7.6 -0.250897 -0.267466810282
7.62 -0.250897 -0.250628049064
7.64 -0.239188 -0.236500834055
7.66 -0.239188 -0.22508185987
7.68 -0.232563 -0.21630360916
7.7 -0.232563 -0.209935143771
7.72 -0.237836 -0.205619685776
7.74 -0.237836 -0.203035538267
7.76 -0.244783 -0.201895848001
7.78 -0.244783 -0.202012100849
7.8 -0.241567 -0.203282893442
7.82 -0.241567 -0.205592996861
7.84 -0.237361 -0.208823304087
7.86 -0.237361 -0.212751426701
7.88 -0.230568 -0.217079424275
7.9 -0.230568 -0.221537452779
7.92 -0.23911 -0.225884920132
7.94 -0.23911 -0.229899244778
7.96 -0.25133 -0.2333812479
7.98 -0.25133 -0.236317014394
8 -0.247905 -0.238843126554
8.02 -0.247905 -0.24111450519
8.04 -0.245871 -0.243301000494
8.06 -0.245871 -0.245409266915
8.08 -0.237905 -0.247314832952
8.1 -0.237905 -0.248938600078
8.12 -0.222642 -0.250235886826
8.14 -0.222642 -0.2511265395
8.16 -0.207268 -0.251505982263
8.18 -0.207268 -0.251240946341
8.2 -0.197906 -0.250178801451
8.22 -0.197906 -0.248219346653
8.24 -0.203121 -0.245307386262
8.26 -0.203121 -0.24148134421
8.28 -0.208564 -0.236855352799
8.3 -0.208564 -0.231679185532
8.32 -0.211039 -0.226305878133
8.34 -0.211039 -0.221036422166
8.36 -0.22591 -0.216123188912
8.38 -0.22591 -0.21174170694
8.4 -0.241043 -0.207997651958
8.42 -0.241043 -0.20507021957
8.44 -0.243977 -0.203188952233
8.46 -0.243977 -0.202509760799
8.48 -0.242696 -0.203125722753
8.5 -0.242696 -0.204964208008
8.52 -0.249724 -0.207819361789
8.54 -0.249724 -0.211451012244
8.56 -0.239832 -0.215594834052
8.58 -0.239832 -0.220085156886
8.6 -0.215614 -0.224840687005
8.62 -0.215614 -0.229630063782
8.64 -0.189791 -0.234112346618
8.66 -0.189791 -0.237890109188
8.68 -0.16806 -0.240530242222
8.7 -0.16806 -0.24169633723
8.72 -0.143189 -0.241140323065
8.74 -0.143189 -0.238746731339
8.76 -0.120283 -0.234514185851
8.78 -0.120283 -0.228473547236
8.8 -0.097925 -0.220684754082
8.82 -0.097925 -0.21127609895
8.84 -0.075969 -0.200427452688
8.86 -0.075969 -0.188343400963
8.88 -0.0519 -0.175243177141
8.9 -0.0519 -0.161349881469
8.92 -0.031228 -0.146882447899
8.94 -0.031228 -0.132026684447
8.96 0.005789 -0.116935070709
8.98 0.005789 -0.101775703951
9 0.039091 -0.0867221389992
9.02 0.039091 -0.0717715666076
9.04 0.086132 -0.0567795039101
9.06 0.086132 -0.0416653856597
9.08 0.147431 -0.0263976560639
9.1 0.147431 -0.0108313030062
9.12 0.207293 0.00526307670093
9.14 0.207293 0.0221819219992
9.16 0.266017 0.040268430443
9.18 0.266017 0.0597549324951
9.2 0.319347 0.0807780783357
9.22 0.319347 0.10339273506
9.24 0.372204 0.127582433784
9.26 0.372204 0.153233139077
9.28 0.420309 0.180153642565
9.3 0.420309 0.208137671489
9.32 0.471675 0.236971199984
9.34 0.471675 0.266402567151
9.36 0.5157 0.296158357512
9.38 0.5157 0.326027158392
9.4 0.548622 0.355854063181
9.42 0.548622 0.385442768742
9.44 0.579357 0.414572618654
9.46 0.579357 0.442977245128
9.48 0.616079 0.470361866697
9.5 0.616079 0.49649672785
9.52 0.644898 0.52121141449
9.54 0.644898 0.544463161991
9.56 0.653673 0.566315687101
9.58 0.653673 0.586797191152
9.6 0.639149 0.605910229054
9.62 0.639149 0.623529143401
9.64 0.624002 0.639428453313
9.66 0.624002 0.653277803264
9.68 0.598715 0.664670259864
9.7 0.598715 0.673348641698
9.72 0.569466 0.679182520249
9.74 0.569466 0.682067235262
9.76 0.541107 0.681927274105
9.78 0.541107 0.67876976149
9.8 0.512451 0.67266913427
9.82 0.512451 0.663796814233
9.84 0.481327 0.652398799231
9.86 0.481327 0.638765122269
9.88 0.448824 0.623213868772
9.9 0.448824 0.606057085473
9.92 0.41713 0.587592056047
9.94 0.41713 0.568103388258
9.96 0.391441 0.547854970805
9.98 0.391441 0.527103572295
10 0.374469 0.506090484781
10.02 0.374469 0.48508162152
10.04 0.36669 0.464352850933
10.06 0.36669 0.444202827113
10.08 0.357755 0.424938479413
10.1 0.357755 0.406867456244
10.12 0.340153 0.390287528372
10.14 0.340153 0.375386471375
10.16 0.312507 0.362256567358
10.18 0.312507 0.350840427616
10.2 0.279711 0.340958627848
10.22 0.279711 0.332322784078
10.24 0.256761 0.324562380226
10.26 0.256761 0.317293191296
10.28 0.24179 0.310130390721
10.3 0.24179 0.302833918091
10.32 0.222303 0.295288668971
10.34 0.222303 0.287471570691
10.36 0.21682 0.279439094775
10.38 0.21682 0.27120273897
10.4 0.201448 0.262740296237
10.42 0.201448 0.254166632958
10.44 0.183519 0.245701669489
10.46 0.183519 0.237434024599
10.48 0.176534 0.229347426852
10.5 0.176534 0.221404035371
10.52 0.163946 0.213546026314
10.54 0.163946 0.205819525348
10.56 0.14182 0.198352033919
10.58 0.14182 0.191188211398
10.6 0.117924 0.184307492102
10.62 0.117924 0.17760119118
10.64 0.084672 0.170891024136
10.66 0.084672 0.164014789883
10.68 0.042372 0.156826349252
10.7 0.042372 0.149130332722
10.72 0.013034 0.140699194172
10.74 0.013034 0.131289077164
10.76 -0.012512 0.120650320216
10.78 -0.012512 0.108731513731
10.8 -0.046403 0.0956424535202
10.82 -0.046403 0.081542945673
10.84 -0.083261 0.0666334629068
10.86 -0.083261 0.0510354714428
10.88 -0.107613 0.0348040276372
10.9 -0.107613 0.0179846143452
10.92 -0.137526 0.000610932250742
10.94 -0.137526 -0.0171578852268
10.96 -0.164264 -0.0350676967104
10.98 -0.164264 -0.0529535114354
11 -0.182354 -0.0707243477283
11.02 -0.182354 -0.0882762542891
11.04 -0.199664 -0.10550126315
11.06 -0.199664 -0.122243856078
11.08 -0.215333 -0.138315492062
11.1 -0.215333 -0.153576041934
11.12 -0.228144 -0.167928027962
11.14 -0.228144 -0.181305145901
11.16 -0.230677 -0.193670106386
11.18 -0.230677 -0.205000742472
11.2 -0.235107 -0.215288898082
11.22 -0.235107 -0.22447297242
11.24 -0.242115 -0.232451000597
11.26 -0.242115 -0.239198580806
11.28 -0.248807 -0.244753103997
11.3 -0.248807 -0.249208141355
11.32 -0.271553 -0.252701534385
11.34 -0.271553 -0.255378332081
11.36 -0.298178 -0.257385932858
11.38 -0.298178 -0.259013895084
11.4 -0.34015 -0.260656170418
11.42 -0.34015 -0.2626728972
11.44 -0.373944 -0.265388274236
11.46 -0.373944 -0.269187621798
11.48 -0.401357 -0.274490613408
11.5 -0.401357 -0.28152283117
11.52 -0.42547 -0.290346998993
11.54 -0.42547 -0.300903501385
11.56 -0.449273 -0.313030247484
11.58 -0.449273 -0.32651091775
11.6 -0.464099 -0.341089357931
11.62 -0.464099 -0.356510503946
11.64 -0.48029 -0.372527650938
11.66 -0.48029 -0.388832512371
11.68 -0.495578 -0.405078331889
11.7 -0.495578 -0.420989607068
11.72 -0.511941 -0.436356403421
11.74 -0.511941 -0.451010499424
11.76 -0.533389 -0.464825592111
11.78 -0.533389 -0.477732804621
11.8 -0.555642 -0.489713432911
11.82 -0.555642 -0.500827236799
11.84 -0.568477 -0.511196903976
11.86 -0.568477 -0.520956114494
11.88 -0.581263 -0.530245041096
11.9 -0.581263 -0.539114491554
11.92 -0.585806 -0.547541765945
11.94 -0.585806 -0.555526371262
11.96 -0.588749 -0.563082976036
11.98 -0.588749 -0.570165353575
12 -0.596663 -0.576680461569
12.02 -0.596663 -0.582558155571
12.04 -0.609642 -0.58774743282
12.06 -0.609642 -0.592272867766
12.08 -0.611841 -0.59621975214
12.1 -0.611841 -0.59972227614
12.12 -0.606494 -0.602951552628
12.14 -0.606494 -0.605963970756
12.16 -0.597918 -0.608722932455
12.18 -0.597918 -0.61114414089
12.2 -0.60716 -0.613104375304
12.22 -0.60716 -0.614489541396
12.24 -0.619591 -0.615195474473
12.26 -0.619591 -0.61531588276
12.28 -0.630263 -0.615100886333
12.3 -0.630263 -0.614793602511
12.32 -0.635657 -0.614628816427
12.34 -0.635657 -0.61478370217
12.36 -0.655326 -0.615382481823
12.38 -0.655326 -0.616469582384
12.4 -0.668994 -0.618021671307
12.42 -0.668994 -0.620132145166
12.44 -0.676017 -0.622982614406
12.46 -0.676017 -0.626642351886
12.48 -0.678699 -0.631091072012
12.5 -0.678699 -0.636229167291
12.52 -0.675923 -0.641893288333
12.54 -0.675923 -0.647892013868
12.56 -0.6769 -0.654015685361
12.58 -0.6769 -0.660036171528
12.6 -0.67409 -0.66571779564
12.62 -0.67409 -0.670908014341
12.64 -0.676579 -0.675526275739
12.66 -0.676579 -0.679488264955
12.68 -0.681472 -0.682712264962
12.7 -0.681472 -0.685202501147
12.72 -0.676514 -0.687032309279
12.74 -0.676514 -0.68830477894
12.76 -0.682013 -0.689145916224
12.78 -0.682013 -0.689588659109
12.8 -0.695818 -0.689590689142
12.82 -0.695818 -0.689228051642
12.84 -0.701637 -0.688666619445
12.86 -0.701637 -0.688122191388
12.88 -0.710777 -0.687846582693
12.9 -0.710777 -0.687969629715
12.92 -0.71449 -0.688519725753
12.94 -0.71449 -0.689539712439
12.96 -0.72264 -0.691078780873
12.98 -0.72264 -0.693111551438
13 -0.743874 -0.695553773873
13.02 -0.743874 -0.698362143908
13.04 -0.752557 -0.701525645979
13.06 -0.752557 -0.705136765256
13.08 -0.748279 -0.709369303329
13.1 -0.748279 -0.714232544655
13.12 -0.737981 -0.719606007039
13.14 -0.737981 -0.725261667332
13.16 -0.719435 -0.730888042013
13.18 -0.719435 -0.736174869327
13.2 -0.703992 -0.740820674185
13.22 -0.703992 -0.744521291807
13.24 -0.70367 -0.746981390154
13.26 -0.70367 -0.74802367222
13.28 -0.701282 -0.747572394626
13.3 -0.701282 -0.745745878455
13.32 -0.714901 -0.742818315727
13.34 -0.714901 -0.739033677021
13.36 -0.736686 -0.73460882052
13.38 -0.736686 -0.729891645421
13.4 -0.743001 -0.725322311708
13.42 -0.743001 -0.7213335654
13.44 -0.733836 -0.718340488945
13.46 -0.733836 -0.716520670046
13.48 -0.715468 -0.715853587273
13.5 -0.715468 -0.71615332239
13.52 -0.716207 -0.717099946076
13.54 -0.716207 -0.718326313778
13.56 -0.727592 -0.719435209924
13.58 -0.727592 -0.720267384041
13.6 -0.742665 -0.720859674163
13.62 -0.742665 -0.721336720993
13.64 -0.754037 -0.72189679375
13.66 -0.754037 -0.722732936225
13.68 -0.758229 -0.724029889674
13.7 -0.758229 -0.725894286078
13.72 -0.74895 -0.728365805513
13.74 -0.74895 -0.731395855821
13.76 -0.732665 -0.734863993103
13.78 -0.732665 -0.738537537502
13.8 -0.719366 -0.742098944497
13.82 -0.719366 -0.745227149257
13.84 -0.696269 -0.747606357147
13.86 -0.696269 -0.749023782638
13.88 -0.684542 -0.749357243771
13.9 -0.684542 -0.74845148398
13.92 -0.670553 -0.746133413497
13.94 -0.670553 -0.742408987385
13.96 -0.643684 -0.737427399231
13.98 -0.643684 -0.731331876914
14 -0.626785 -0.724261167015
14.02 -0.626785 -0.716252626625
14.04 -0.61117 -0.707260453851
14.06 -0.61117 -0.697373005067
14.08 -0.599101 -0.686780467374
14.1 -0.599101 -0.675674268399
14.12 -0.585751 -0.664243957727
14.14 -0.585751 -0.652691825869
14.16 -0.574603 -0.64122323404
14.18 -0.574603 -0.62999635172
14.2 -0.574287 -0.619125938375
14.22 -0.574287 -0.608717333376
14.24 -0.59334 -0.598862993327
14.26 -0.59334 -0.589717481515
14.28 -0.619887 -0.581479495616
14.3 -0.619887 -0.574453355375
14.32 -0.658132 -0.569019417148
14.34 -0.658132 -0.565503919229
14.36 -0.696994 -0.564180927772
14.38 -0.696994 -0.565309241946
14.4 -0.721854 -0.569124348424
14.42 -0.721854 -0.57573568092
14.44 -0.760867 -0.585146517473
14.46 -0.760867 -0.597141563775
14.48 -0.795372 -0.611333149927
14.5 -0.795372 -0.627450935783
14.52 -0.81537 -0.645322134007
14.54 -0.81537 -0.664695058022
14.56 -0.840653 -0.68526699861
14.58 -0.840653 -0.706615116851
14.6 -0.859781 -0.728232710929
14.62 -0.859781 -0.749734990476
14.64 -0.867577 -0.770845676966
14.66 -0.867577 -0.791286899766
14.68 -0.866603 -0.81079329167
14.7 -0.866603 -0.829074034707
14.72 -0.882224 -0.845828412121
14.74 -0.882224 -0.860780479077
14.76 -0.891611 -0.87368351292
14.78 -0.891611 -0.884548136661
14.8 -0.89189 -0.893592877362
14.82 -0.89189 -0.901001021024
14.84 -0.890977 -0.906928785681
14.86 -0.890977 -0.911480528882
14.88 -0.888391 -0.914714115374
14.9 -0.888391 -0.916716365689
14.92 -0.887551 -0.917592659882
14.94 -0.887551 -0.917455700893
14.96 -0.90226 -0.916420854061
14.98 -0.90226 -0.914632171402
15 -0.932086 -0.912251853144
15.02 -0.932086 -0.909573942274
15.04 -0.964624 -0.906989015936
15.06 -0.964624 -0.904951433982
15.08 -0.988488 -0.903954595866
15.1 -0.988488 -0.904398647441
15.12 -1.003994 -0.906596073829
15.14 -1.003994 -0.910674790796
15.16 -1.014187 -0.916606372691
15.18 -1.014187 -0.924234590569
15.2 -1.038471 -0.933300012622
15.22 -1.038471 -0.94349142825
15.24 -1.064874 -0.954463053057
15.26 -1.064874 -0.966022943901
15.28 -1.077665 -0.978108482868
15.3 -1.077665 -0.990661244843
15.32 -1.075907 -1.00363304356
15.34 -1.075907 -1.01684765946
15.36 -1.070567 -1.03003228594
15.38 -1.070567 -1.04283436171
15.4 -1.06129 -1.05484585374
15.42 -1.06129 -1.06572257565
15.44 -1.071827 -1.07518175901
15.46 -1.071827 -1.08299816636
15.48 -1.086945 -1.0890030601
15.5 -1.086945 -1.09329147723
15.52 -1.076911 -1.09616956657
15.54 -1.076911 -1.09797536827
15.56 -1.058626 -1.09906859775
15.58 -1.058626 -1.09955324889
15.6 -1.036095 -1.09932452003
15.62 -1.036095 -1.09825613425
15.64 -1.014742 -1.09620117414
15.66 -1.014742 -1.09303432315
15.68 -0.997305 -1.08865135647
15.7 -0.997305 -1.08301712394
15.72 -0.991956 -1.07615410717
15.74 -0.991956 -1.06815666936
15.76 -0.993925 -1.05917587741
15.78 -0.993925 -1.04947788167
15.8 -1.001276 -1.0394142599
15.82 -1.001276 -1.02935430464
15.84 -0.992512 -1.01967180628
15.86 -0.992512 -1.01071505146
15.88 -0.956918 -1.00279974543
15.9 -0.956918 -0.996013272451
15.92 -0.909967 -0.990254930203
15.94 -0.909967 -0.98517488564
15.96 -0.858653 -0.980227992668
15.98 -0.858653 -0.974859738591
16 -0.801889 -0.968520281908
16.02 -0.801889 -0.960742914343
16.04 -0.742605 -0.951144432644
16.06 -0.742605 -0.939415071709
16.08 -0.684432 -0.925318125056
16.1 -0.684432 -0.908712726185
16.12 -0.624602 -0.889542775894
16.14 -0.624602 -0.867857766986
16.16 -0.57237 -0.843793592749
16.18 -0.57237 -0.817529988186
16.2 -0.533617 -0.789278875138
16.22 -0.533617 -0.759354455576
16.24 -0.497318 -0.728143447923
16.26 -0.497318 -0.696132361891
16.28 -0.470219 -0.663873714433
16.3 -0.470219 -0.63185935862
16.32 -0.446746 -0.600517528984
16.34 -0.446746 -0.570268759535
16.36 -0.431323 -0.541510285642
16.38 -0.431323 -0.51455642543
16.4 -0.40663 -0.489642908678
16.42 -0.40663 -0.46697057955
16.44 -0.371036 -0.44670226037
16.46 -0.371036 -0.428809463718
16.48 -0.330692 -0.413109296618
16.5 -0.330692 -0.399281110787
16.52 -0.287977 -0.386898844528
16.54 -0.287977 -0.375516013822
16.56 -0.250029 -0.36468145397
16.58 -0.250029 -0.353975764958
16.6 -0.213537 -0.343019656945
16.62 -0.213537 -0.331543541917
16.64 -0.169186 -0.31937707218
16.66 -0.169186 -0.306409819907
16.68 -0.118226 -0.292587131868
16.7 -0.118226 -0.277821231554
16.72 -0.066275 -0.26200277776
16.74 -0.066275 -0.245019604069
16.76 -0.020302 -0.226760368765
16.78 -0.020302 -0.207167792244
16.8 0.031052 -0.18623016263
16.82 0.031052 -0.164036013417
16.84 0.088524 -0.140753180877
16.86 0.088524 -0.1165099658
16.88 0.137414 -0.0914012807939
16.9 0.137414 -0.0654849179039
16.92 0.184098 -0.0387854896343
16.94 0.184098 -0.0114288463493
16.96 0.217438 0.0163832770402
16.98 0.217438 0.0444491975211
17 0.247457 0.0725714941285
17.02 0.247457 0.100463903138
17.04 0.275299 0.127778836306
17.06 0.275299 0.154217996217
17.08 0.299653 0.179530920598
17.1 0.299653 0.203525425152
17.12 0.343402 0.226064768817
17.14 0.343402 0.247052070342
17.16 0.39109 0.266427968143
17.18 0.39109 0.284369514733
17.2 0.440042 0.301239275949
17.22 0.440042 0.317406226831
17.24 0.484897 0.333238476847
17.26 0.484897 0.349068557093
17.28 0.525244 0.365188617006
17.3 0.525244 0.381799545186
17.32 0.556824 0.399020231794
17.34 0.556824 0.416892897102
17.36 0.594786 0.435393527969
17.38 0.594786 0.45440515177
17.4 0.637664 0.473737618406
17.42 0.637664 0.4932795931
17.44 0.683494 0.512984395263
17.46 0.683494 0.532847541058
17.48 0.704919 0.55290110789
17.5 0.704919 0.573189796698
17.52 0.729719 0.59376824006
17.54 0.729719 0.614455651477
17.56 0.753 0.634888389205
17.58 0.753 0.654808111546
17.6 0.773426 0.674043488389
17.62 0.773426 0.692457192275
17.64 0.790091 0.709947382247
17.66 0.790091 0.726434249425
17.68 0.805336 0.741859796398
17.7 0.805336 0.756178524856
17.72 0.811154 0.769357387142
17.74 0.811154 0.781395778708
17.76 0.80175 0.792319689621
17.78 0.80175 0.802105711271
17.8 0.782974 0.810692466934
17.82 0.782974 0.817937798159
17.84 0.756288 0.823638060357
17.86 0.756288 0.827596583526
17.88 0.731729 0.829626921891
17.9 0.731729 0.829570039223
17.92 0.712232 0.82729493354
17.94 0.712232 0.82278747489
17.96 0.687284 0.816129157013
17.98 0.687284 0.807504944393
18 0.669248 0.797180177646
18.02 0.669248 0.785386095711
18.04 0.645935 0.772321343345
18.06 0.645935 0.758260522576
18.08 0.620011 0.743528539708
18.1 0.620011 0.728373170845
18.12 0.59719 0.712973312883
18.14 0.59719 0.697468051635
18.16 0.565238 0.681956976552
18.18 0.565238 0.666553252172
18.2 0.5248 0.65137557478
18.22 0.5248 0.636434623037
18.24 0.483962 0.621653960016
18.26 0.483962 0.606892572258
18.28 0.440927 0.591959148568
18.3 0.440927 0.57669771501
18.32 0.390763 0.560984368718
18.34 0.390763 0.544710007575
18.36 0.335075 0.52778247321
18.38 0.335075 0.510083535751
18.4 0.290856 0.491478726962
18.42 0.290856 0.471838917842
18.44 0.243879 0.451043183955
18.46 0.243879 0.429131893869
18.48 0.195956 0.406274170689
18.5 0.195956 0.382615293224
18.52 0.144412 0.358281044048
18.54 0.144412 0.333393599604
18.56 0.093487 0.308067182869
18.58 0.093487 0.282381626069
18.6 0.046692 0.256385994762
18.62 0.046692 0.230139383942
18.64 0.001171 0.203705756091
18.66 0.001171 0.177181803643
18.68 -0.042984 0.150687381099
18.7 -0.042984 0.124332394163
18.72 -0.096169 0.0982157536233
18.74 -0.096169 0.0724247719234
18.76 -0.155195 0.0470339520489
18.78 -0.155195 0.0220124212592
18.8 -0.201569 -0.00275492142293
18.82 -0.201569 -0.0274216351124
18.84 -0.239809 -0.0521699953955
18.86 -0.239809 -0.0770370421458
18.88 -0.263891 -0.101942625348
18.9 -0.263891 -0.126751423893
18.92 -0.285282 -0.151284065445
18.94 -0.285282 -0.175276215481
18.96 -0.318025 -0.198402793541
18.98 -0.318025 -0.220400136896
19 -0.331435 -0.241061010875
19.02 -0.331435 -0.260356352045
19.04 -0.337231 -0.278403678396
19.06 -0.337231 -0.295168047265
19.08 -0.336284 -0.310498418319
19.1 -0.336284 -0.324256556349
19.12 -0.327074 -0.33631499588
19.14 -0.327074 -0.34656647517
19.16 -0.326781 -0.354924198033
19.18 -0.326781 -0.361308099559
19.2 -0.322373 -0.365647090019
19.22 -0.322373 -0.368032248326
19.24 -0.309762 -0.368682352936
19.26 -0.309762 -0.367800339881
19.28 -0.295675 -0.365574035258
19.3 -0.295675 -0.362136978561
19.32 -0.28664 -0.357573719707
19.34 -0.28664 -0.351984326927
19.36 -0.279772 -0.345476048292
19.38 -0.279772 -0.338215882728
19.4 -0.258823 -0.33041337978
19.42 -0.258823 -0.322281066842
19.44 -0.23093 -0.31402801382
19.46 -0.23093 -0.30570975248
19.48 -0.200602 -0.297256115086
19.5 -0.200602 -0.288557231974
19.52 -0.166731 -0.279470442823
19.54 -0.166731 -0.269869463551
19.56 -0.128477 -0.259644443848
19.58 -0.128477 -0.248692991907
19.6 -0.093718 -0.236922925372
19.62 -0.093718 -0.224246453214
19.64 -0.070928 -0.210582762851
19.66 -0.070928 -0.19592945785
19.68 -0.048081 -0.180347612621
19.7 -0.048081 -0.16402441612
19.72 -0.03902 -0.147244399506
19.74 -0.03902 -0.130257904003
19.76 -0.032385 -0.113282581044
19.78 -0.032385 -0.09662453804
19.8 -0.029213 -0.0806491366846
19.82 -0.029213 -0.0656580557482
19.84 -0.02114 -0.0518933684898
19.86 -0.02114 -0.0395485903824
19.88 -0.017743 -0.0287691359892
19.9 -0.017743 -0.0195806847272
19.92 -0.011537 -0.0119098577566
19.94 -0.011537 -0.00568724627817
19.96 -0.011537 -0.000845403272499
